
**********************************************************
MIB Started at : Sat Jun 02 14:27:20 CEST 2012
**********************************************************

**********************************************************
MIB Stopped at : Sat Jun 02 14:27:29 CEST 2012
**********************************************************

**********************************************************
MIB Started at : Sat Jun 02 14:47:57 CEST 2012
**********************************************************

Error in request. Please check the OID.
Value: 2.98876953125 GO de mémoire disponible
***********************************

**********************************************************
MIB Stopped at : Sat Jun 02 14:48:08 CEST 2012
**********************************************************

**********************************************************
MIB Started at : Sat Jun 02 14:49:32 CEST 2012
**********************************************************

**********************************************************
MIB Stopped at : Sat Jun 02 14:49:34 CEST 2012
**********************************************************

**********************************************************
MIB Started at : Thu Nov 01 14:18:02 CET 2012
**********************************************************

Error in request. Please check the OID.
***********************************


Error in processing user request : 
java.lang.NullPointerException

Error in request. Please check the OID.
***********************************

Error in request. Please check the OID.
***********************************

Error in request. Please check the OID.
***********************************

**********************************************************
MIB Started at : Tue Nov 06 21:55:16 CET 2012
**********************************************************

**********************************************************
MIB Stopped at : Tue Nov 06 21:55:23 CET 2012
**********************************************************

**********************************************************
MIB Started at : Mon Nov 19 16:41:11 CET 2012
**********************************************************

**********************************************************
MIB Stopped at : Mon Nov 19 16:41:15 CET 2012
**********************************************************

**********************************************************
MIB Started at : Sat Jan 12 13:58:16 CET 2013
**********************************************************

**********************************************************
MIB Stopped at : Sat Jan 12 13:58:22 CET 2013
**********************************************************
